[debug] [2023-11-10T06:27:19.266Z] ----------------------------------------------------------------------
[debug] [2023-11-10T06:27:19.268Z] Command:       /usr/local/bin/node /usr/local/bin/firebase init
[debug] [2023-11-10T06:27:19.268Z] CLI Version:   12.8.1
[debug] [2023-11-10T06:27:19.268Z] Platform:      darwin
[debug] [2023-11-10T06:27:19.268Z] Node Version:  v18.12.1
[debug] [2023-11-10T06:27:19.270Z] Time:          Fri Nov 10 2023 17:27:19 GMT+1100 (Australian Eastern Daylight Time)
[debug] [2023-11-10T06:27:19.270Z] ----------------------------------------------------------------------
[debug] 
[debug] [2023-11-10T06:27:19.276Z] > command requires scopes: ["email","openid","https://www.googleapis.com/auth/cloudplatformprojects.readonly","https://www.googleapis.com/auth/firebase","https://www.googleapis.com/auth/cloud-platform"]
[debug] [2023-11-10T06:27:19.277Z] > authorizing via signed-in user (irandavathustorage@gmail.com)
[info] 
     ######## #### ########  ######## ########     ###     ######  ########
     ##        ##  ##     ## ##       ##     ##  ##   ##  ##       ##
     ######    ##  ########  ######   ########  #########  ######  ######
     ##        ##  ##    ##  ##       ##     ## ##     ##       ## ##
     ##       #### ##     ## ######## ########  ##     ##  ######  ########

You're about to initialize a Firebase project in this directory:

  /Users/charanabarajithan/Desktop/flourishv2

[info] 
=== Account Setup
[info] 
[info] Which account do you want to use for this project? Choose an account or add a new one now
[info] 
[debug] [2023-11-10T06:27:26.300Z] setProjectAccount(/Users/charanabarajithan/Desktop/flourishv2, irandavathustorage@gmail.com)
[info] 
[info] ✔  Using account: irandavathustorage@gmail.com 
[info] 
=== Project Setup
[info] 
[info] First, let's associate this project directory with a Firebase project.
[info] You can create multiple project aliases by running firebase use --add, 
[info] but for now we'll just set up a default project.
[info] 
[debug] [2023-11-10T06:27:28.100Z] > refreshing access token with scopes: []
[debug] [2023-11-10T06:27:28.103Z] >>> [apiv2][query] POST https://www.googleapis.com/oauth2/v3/token [none]
[debug] [2023-11-10T06:27:28.104Z] >>> [apiv2][body] POST https://www.googleapis.com/oauth2/v3/token [omitted]
[debug] [2023-11-10T06:27:28.530Z] <<< [apiv2][status] POST https://www.googleapis.com/oauth2/v3/token 200
[debug] [2023-11-10T06:27:28.530Z] <<< [apiv2][body] POST https://www.googleapis.com/oauth2/v3/token [omitted]
[debug] [2023-11-10T06:27:28.606Z] >>> [apiv2][query] GET https://firebase.googleapis.com/v1beta1/projects pageSize=100
[debug] [2023-11-10T06:27:29.466Z] <<< [apiv2][status] GET https://firebase.googleapis.com/v1beta1/projects 200
[debug] [2023-11-10T06:27:29.467Z] <<< [apiv2][body] GET https://firebase.googleapis.com/v1beta1/projects [omitted]
[info] i  Using project test-a6bf4 (TEST) 
[info] 
=== Hosting Setup
[info] 
[info] Your public directory is the folder (relative to your project directory) that
[info] will contain Hosting assets to be uploaded with firebase deploy. If you
[info] have a build process for your assets, use your build's output directory.
[info] 
[info] ✔  Wrote public/404.html 
[debug] [2023-11-10T06:27:45.075Z] >>> [apiv2][query] GET https://www.gstatic.com/firebasejs/releases.json [none]
[debug] [2023-11-10T06:27:45.316Z] <<< [apiv2][status] GET https://www.gstatic.com/firebasejs/releases.json 200
[debug] [2023-11-10T06:27:45.316Z] <<< [apiv2][body] GET https://www.gstatic.com/firebasejs/releases.json {"current":{"version":"10.6.0","browserURL":"https://www.gstatic.com/firebasejs/10.6.0/firebase.js","packageURL":"https://www.gstatic.com/firebasejs/10.6.0/firebase.tgz"},"live":{"version":"10.6","browserURL":"https://www.gstatic.com/firebasejs/live/10.6/firebase.js","packageURL":"https://www.gstatic.com/firebasejs/live/10.6/firebase.tgz"},"components":{"analytics":"https://www.gstatic.com/firebasejs/10.6.0/firebase-analytics.js","app":"https://www.gstatic.com/firebasejs/10.6.0/firebase-app.js","app-check":"https://www.gstatic.com/firebasejs/10.6.0/firebase-app-check.js","auth":"https://www.gstatic.com/firebasejs/10.6.0/firebase-auth.js","auth/cordova":"https://www.gstatic.com/firebasejs/10.6.0/firebase-auth/cordova.js","functions":"https://www.gstatic.com/firebasejs/10.6.0/firebase-functions.js","firestore":"https://www.gstatic.com/firebasejs/10.6.0/firebase-firestore.js","firestore/lite":"https://www.gstatic.com/firebasejs/10.6.0/firebase-firestore/lite.js","installations":"https://www.gstatic.com/firebasejs/10.6.0/firebase-installations.js","storage":"https://www.gstatic.com/firebasejs/10.6.0/firebase-storage.js","performance":"https://www.gstatic.com/firebasejs/10.6.0/firebase-performance.js","remote-config":"https://www.gstatic.com/firebasejs/10.6.0/firebase-remote-config.js","messaging":"https://www.gstatic.com/firebasejs/10.6.0/firebase-messaging.js","messaging/sw":"https://www.gstatic.com/firebasejs/10.6.0/firebase-messaging/sw.js","database":"https://www.gstatic.com/firebasejs/10.6.0/firebase-database.js","firestore.memory":"https://www.gstatic.com/firebasejs/10.6.0/firebase-firestore.memory.js"}}
[info] ✔  Wrote public/index.html 
[info] 
[info] i  Detected a .git folder at /Users/charanabarajithan/Desktop/flourishv2 
[info] i  Authorizing with GitHub to upload your service account to a GitHub repository's secrets store. 
[info] 
[info] Visit this URL on this device to log in:
[info] https://github.com/login/oauth/authorize?client_id=89cf50f02ac6aaed3484&state=697257022&redirect_uri=http%3A%2F%2Flocalhost%3A9005&scope=read%3Auser%20repo%20public_repo
[info] 
[info] Waiting for authentication...
[debug] [2023-11-10T06:28:31.446Z] >>> [apiv2][query] POST https://github.com/login/oauth/access_token [none]
[debug] [2023-11-10T06:28:31.447Z] >>> [apiv2][body] POST https://github.com/login/oauth/access_token [stream]
[debug] [2023-11-10T06:28:31.853Z] <<< [apiv2][status] POST https://github.com/login/oauth/access_token 200
[debug] [2023-11-10T06:28:31.853Z] <<< [apiv2][body] POST https://github.com/login/oauth/access_token {"access_token":"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","token_type":"bearer","scope":"read:user,repo"}
[debug] [2023-11-10T06:28:31.864Z] >>> [apiv2][query] GET https://api.github.com/user [none]
[debug] [2023-11-10T06:28:32.251Z] <<< [apiv2][status] GET https://api.github.com/user 200
[debug] [2023-11-10T06:28:32.251Z] <<< [apiv2][body] GET https://api.github.com/user {"login":"CharanAbarajithan","id":115129192,"node_id":"U_kgDOBty7aA","avatar_url":"https://avatars.githubusercontent.com/u/115129192?v=4","gravatar_id":"","url":"https://api.github.com/users/CharanAbarajithan","html_url":"https://github.com/CharanAbarajithan","followers_url":"https://api.github.com/users/CharanAbarajithan/followers","following_url":"https://api.github.com/users/CharanAbarajithan/following{/other_user}","gists_url":"https://api.github.com/users/CharanAbarajithan/gists{/gist_id}","starred_url":"https://api.github.com/users/CharanAbarajithan/starred{/owner}{/repo}","subscriptions_url":"https://api.github.com/users/CharanAbarajithan/subscriptions","organizations_url":"https://api.github.com/users/CharanAbarajithan/orgs","repos_url":"https://api.github.com/users/CharanAbarajithan/repos","events_url":"https://api.github.com/users/CharanAbarajithan/events{/privacy}","received_events_url":"https://api.github.com/users/CharanAbarajithan/received_events","type":"User","site_admin":false,"name":null,"company":null,"blog":"","location":null,"email":null,"hireable":null,"bio":null,"twitter_username":null,"public_repos":8,"public_gists":0,"followers":0,"following":0,"created_at":"2022-10-06T03:13:34Z","updated_at":"2022-11-26T02:55:47Z","private_gists":0,"total_private_repos":0,"owned_private_repos":0,"disk_usage":9207,"collaborators":0,"two_factor_authentication":false,"plan":{"name":"free","space":976562499,"collaborators":0,"private_repos":10000}}
[info] 
[info] ✔  Success! Logged into GitHub as CharanAbarajithan 
[info] 
